<?xml version="1.0" encoding="UTF-8"?>
<testsuite xmlns:xsi="http://www.w3.org/2001/XMLSchema-instance" xsi:noNamespaceSchemaLocation="https://maven.apache.org/surefire/maven-surefire-plugin/xsd/surefire-test-report.xsd" name="com.example.employeemanagement.FullAPITests" time="0.041" tests="10" errors="0" skipped="0" failures="0">
  <properties>
[...]
</properties>
  <testcase name="shouldSaveDepartment" classname="com.example.employeemanagement.FullAPITests" time="0.003"/>
  <testcase name="shouldDeleteEmployee" classname="com.example.employeemanagement.FullAPITests" time="0.004"/>
  <testcase name="shouldFindEmployeesByDepartmentName" classname="com.example.employeemanagement.FullAPITests" time="0.002"/>
  <testcase name="shouldSaveEmployee" classname="com.example.employeemanagement.FullAPITests" time="0.003"/>
  <testcase name="shouldFindEmployeeById" classname="com.example.employeemanagement.FullAPITests" time="0.004"/>
  <testcase name="shouldFindEmployeesByDepartmentId" classname="com.example.employeemanagement.FullAPITests" time="0.003"/>
  <testcase name="shouldFindDepartmentById" classname="com.example.employeemanagement.FullAPITests" time="0.002"/>
  <testcase name="shouldDeleteDepartment" classname="com.example.employeemanagement.FullAPITests" time="0.005"/>
  <testcase name="shouldFindAllDepartments" classname="com.example.employeemanagement.FullAPITests" time="0.004"/>
  <testcase name="shouldUpdateDepartment" classname="com.example.employeemanagement.FullAPITests" time="0.003"/>
</testsuite>